# JRE version: OpenJDK Runtime Environment (8.0_242-b01) (build 1.8.0_242-release-1644-b01)
# Java VM: OpenJDK 64-Bit Server VM (25.242-b01 mixed mode windows-amd64 compressed oops)
Heap:
 PSYoungGen      total 208384K, used 116407K [0x00000000e0000000, 0x00000000ef180000, 0x0000000100000000)
  eden space 184320K, 52% used [0x00000000e0000000,0x00000000e5f63b50,0x00000000eb400000)
  from space 24064K, 77% used [0x00000000eb400000,0x00000000ec64a208,0x00000000ecb80000)
  to   space 25600K, 0% used [0x00000000ed880000,0x00000000ed880000,0x00000000ef180000)
 ParOldGen       total 192512K, used 50616K [0x00000000a0000000, 0x00000000abc00000, 0x00000000e0000000)
  object space 192512K, 26% used [0x00000000a0000000,0x00000000a316e110,0x00000000abc00000)
 Metaspace       used 109485K, capacity 115262K, committed 115584K, reserved 1148928K
  class space    used 13895K, capacity 14978K, committed 15232K, reserved 1048576K
GC Heap History (10 events):
Event: 3902.091 GC heap before
{Heap before GC invocations=25 (full 3):
 PSYoungGen      total 190464K, used 158755K [0x00000000e0000000, 0x00000000ee780000, 0x0000000100000000)
  eden space 175616K, 82% used [0x00000000e0000000,0x00000000e8cc69e8,0x00000000eab80000)
  from space 14848K, 98% used [0x00000000eca00000,0x00000000ed842260,0x00000000ed880000)
  to   space 15360K, 0% used [0x00000000ed880000,0x00000000ed880000,0x00000000ee780000)
 ParOldGen       total 128512K, used 55443K [0x00000000a0000000, 0x00000000a7d80000, 0x00000000e0000000)
  object space 128512K, 43% used [0x00000000a0000000,0x00000000a3624f70,0x00000000a7d80000)
 Metaspace       used 92575K, capacity 98476K, committed 98560K, reserved 1134592K
  class space    used 11803K, capacity 12996K, committed 13056K, reserved 1048576K
Event: 3902.128 GC heap after
Heap after GC invocations=25 (full 3):
 PSYoungGen      total 185344K, used 15232K [0x00000000e0000000, 0x00000000ee780000, 0x0000000100000000)
  eden space 169984K, 0% used [0x00000000e0000000,0x00000000e0000000,0x00000000ea600000)
  from space 15360K, 99% used [0x00000000ed880000,0x00000000ee760230,0x00000000ee780000)
  to   space 26112K, 0% used [0x00000000eb480000,0x00000000eb480000,0x00000000ece00000)
 ParOldGen       total 128512K, used 55451K [0x00000000a0000000, 0x00000000a7d80000, 0x00000000e0000000)
  object space 128512K, 43% used [0x00000000a0000000,0x00000000a3626f70,0x00000000a7d80000)
 Metaspace       used 92575K, capacity 98476K, committed 98560K, reserved 1134592K
  class space    used 11803K, capacity 12996K, committed 13056K, reserved 1048576K
}
Event: 3902.128 GC heap before
{Heap before GC invocations=26 (full 4):
 PSYoungGen      total 185344K, used 15232K [0x00000000e0000000, 0x00000000ee780000, 0x0000000100000000)
  eden space 169984K, 0% used [0x00000000e0000000,0x00000000e0000000,0x00000000ea600000)
  from space 15360K, 99% used [0x00000000ed880000,0x00000000ee760230,0x00000000ee780000)
  to   space 26112K, 0% used [0x00000000eb480000,0x00000000eb480000,0x00000000ece00000)
 ParOldGen       total 128512K, used 55451K [0x00000000a0000000, 0x00000000a7d80000, 0x00000000e0000000)
  object space 128512K, 43% used [0x00000000a0000000,0x00000000a3626f70,0x00000000a7d80000)
 Metaspace       used 92575K, capacity 98476K, committed 98560K, reserved 1134592K
  class space    used 11803K, capacity 12996K, committed 13056K, reserved 1048576K
Event: 3902.726 GC heap after
Heap after GC invocations=26 (full 4):
 PSYoungGen      total 185344K, used 0K [0x00000000e0000000, 0x00000000ee780000, 0x0000000100000000)
  eden space 169984K, 0% used [0x00000000e0000000,0x00000000e0000000,0x00000000ea600000)
  from space 15360K, 0% used [0x00000000ed880000,0x00000000ed880000,0x00000000ee780000)
  to   space 26112K, 0% used [0x00000000eb480000,0x00000000eb480000,0x00000000ece00000)
 ParOldGen       total 192512K, used 50592K [0x00000000a0000000, 0x00000000abc00000, 0x00000000e0000000)
  object space 192512K, 26% used [0x00000000a0000000,0x00000000a3168110,0x00000000abc00000)
 Metaspace       used 91692K, capacity 96364K, committed 98560K, reserved 1134592K
  class space    used 11569K, capacity 12487K, committed 13056K, reserved 1048576K
}
Event: 3907.280 GC heap before
{Heap before GC invocations=27 (full 4):
 PSYoungGen      total 185344K, used 169984K [0x00000000e0000000, 0x00000000ee780000, 0x0000000100000000)
  eden space 169984K, 100% used [0x00000000e0000000,0x00000000ea600000,0x00000000ea600000)
  from space 15360K, 0% used [0x00000000ed880000,0x00000000ed880000,0x00000000ee780000)
  to   space 26112K, 0% used [0x00000000eb480000,0x00000000eb480000,0x00000000ece00000)
 ParOldGen       total 192512K, used 50592K [0x00000000a0000000, 0x00000000abc00000, 0x00000000e0000000)
  object space 192512K, 26% used [0x00000000a0000000,0x00000000a3168110,0x00000000abc00000)
 Metaspace       used 94273K, capacity 99016K, committed 100096K, reserved 1136640K
  class space    used 11886K, capacity 12759K, committed 13056K, reserved 1048576K
Event: 3907.301 GC heap after
Heap after GC invocations=27 (full 4):
 PSYoungGen      total 192512K, used 9143K [0x00000000e0000000, 0x00000000ee400000, 0x0000000100000000)
  eden space 183296K, 0% used [0x00000000e0000000,0x00000000e0000000,0x00000000eb300000)
  from space 9216K, 99% used [0x00000000eb480000,0x00000000ebd6dc98,0x00000000ebd80000)
  to   space 25088K, 0% used [0x00000000ecb80000,0x00000000ecb80000,0x00000000ee400000)
 ParOldGen       total 192512K, used 50600K [0x00000000a0000000, 0x00000000abc00000, 0x00000000e0000000)
  object space 192512K, 26% used [0x00000000a0000000,0x00000000a316a110,0x00000000abc00000)
 Metaspace       used 94273K, capacity 99016K, committed 100096K, reserved 1136640K
  class space    used 11886K, capacity 12759K, committed 13056K, reserved 1048576K
}
Event: 3913.645 GC heap before
{Heap before GC invocations=28 (full 4):
 PSYoungGen      total 192512K, used 192439K [0x00000000e0000000, 0x00000000ee400000, 0x0000000100000000)
  eden space 183296K, 100% used [0x00000000e0000000,0x00000000eb300000,0x00000000eb300000)
  from space 9216K, 99% used [0x00000000eb480000,0x00000000ebd6dc98,0x00000000ebd80000)
  to   space 25088K, 0% used [0x00000000ecb80000,0x00000000ecb80000,0x00000000ee400000)
 ParOldGen       total 192512K, used 50600K [0x00000000a0000000, 0x00000000abc00000, 0x00000000e0000000)
  object space 192512K, 26% used [0x00000000a0000000,0x00000000a316a110,0x00000000abc00000)
 Metaspace       used 99943K, capacity 104760K, committed 105984K, reserved 1140736K
  class space    used 12556K, capacity 13435K, committed 13824K, reserved 1048576K
Event: 3913.674 GC heap after
Heap after GC invocations=28 (full 4):
 PSYoungGen      total 209408K, used 8824K [0x00000000e0000000, 0x00000000ef080000, 0x0000000100000000)
  eden space 184320K, 0% used [0x00000000e0000000,0x00000000e0000000,0x00000000eb400000)
  from space 25088K, 35% used [0x00000000ecb80000,0x00000000ed41e068,0x00000000ee400000)
  to   space 24064K, 0% used [0x00000000eb400000,0x00000000eb400000,0x00000000ecb80000)
 ParOldGen       total 192512K, used 50608K [0x00000000a0000000, 0x00000000abc00000, 0x00000000e0000000)
  object space 192512K, 26% used [0x00000000a0000000,0x00000000a316c110,0x00000000abc00000)
 Metaspace       used 99943K, capacity 104760K, committed 105984K, reserved 1140736K
  class space    used 12556K, capacity 13435K, committed 13824K, reserved 1048576K
}
Event: 3919.191 GC heap before
{Heap before GC invocations=29 (full 4):
 PSYoungGen      total 209408K, used 193144K [0x00000000e0000000, 0x00000000ef080000, 0x0000000100000000)
  eden space 184320K, 100% used [0x00000000e0000000,0x00000000eb400000,0x00000000eb400000)
  from space 25088K, 35% used [0x00000000ecb80000,0x00000000ed41e068,0x00000000ee400000)
  to   space 24064K, 0% used [0x00000000eb400000,0x00000000eb400000,0x00000000ecb80000)
 ParOldGen       total 192512K, used 50608K [0x00000000a0000000, 0x00000000abc00000, 0x00000000e0000000)
  object space 192512K, 26% used [0x00000000a0000000,0x00000000a316c110,0x00000000abc00000)
 Metaspace       used 105369K, capacity 110634K, committed 111360K, reserved 1146880K
  class space    used 13367K, capacity 14346K, committed 14592K, reserved 1048576K
Event: 3919.223 GC heap after
Heap after GC invocations=29 (full 4):
 PSYoungGen      total 208384K, used 18728K [0x00000000e0000000, 0x00000000ef180000, 0x0000000100000000)
  eden space 184320K, 0% used [0x00000000e0000000,0x00000000e0000000,0x00000000eb400000)
  from space 24064K, 77% used [0x00000000eb400000,0x00000000ec64a208,0x00000000ecb80000)
  to   space 25600K, 0% used [0x00000000ed880000,0x00000000ed880000,0x00000000ef180000)
 ParOldGen       total 192512K, used 50616K [0x00000000a0000000, 0x00000000abc00000, 0x00000000e0000000)
  object space 192512K, 26% used [0x00000000a0000000,0x00000000a316e110,0x00000000abc00000)
 Metaspace       used 105369K, capacity 110634K, committed 111360K, reserved 1146880K
  class space    used 13367K, capacity 14346K, committed 14592K, reserved 1048576K
}

