# JRE version: OpenJDK Runtime Environment (8.0_242-b01) (build 1.8.0_242-release-1644-b01)
# Java VM: OpenJDK 64-Bit Server VM (25.242-b01 mixed mode windows-amd64 compressed oops)
Heap:
 PSYoungGen      total 177152K, used 10623K [0x00000000e0000000, 0x00000000eba00000, 0x0000000100000000)
  eden space 163840K, 6% used [0x00000000e0000000,0x00000000e0a5fca0,0x00000000ea000000)
  from space 13312K, 0% used [0x00000000ea000000,0x00000000ea000000,0x00000000ead00000)
  to   space 5120K, 0% used [0x00000000eb500000,0x00000000eb500000,0x00000000eba00000)
 ParOldGen       total 75776K, used 14958K [0x00000000a0000000, 0x00000000a4a00000, 0x00000000e0000000)
  object space 75776K, 19% used [0x00000000a0000000,0x00000000a0e9bb18,0x00000000a4a00000)
 Metaspace       used 44162K, capacity 45102K, committed 45696K, reserved 1095680K
  class space    used 5842K, capacity 6111K, committed 6272K, reserved 1048576K
GC Heap History (10 events):
Event: 11.414 GC heap before
{Heap before GC invocations=18 (full 5):
 PSYoungGen      total 167936K, used 372K [0x00000000e0000000, 0x00000000ec200000, 0x0000000100000000)
  eden space 155648K, 0% used [0x00000000e0000000,0x00000000e0000000,0x00000000e9800000)
  from space 12288K, 3% used [0x00000000e9800000,0x00000000e985d0e0,0x00000000ea400000)
  to   space 13312K, 0% used [0x00000000eb500000,0x00000000eb500000,0x00000000ec200000)
 ParOldGen       total 75776K, used 18592K [0x00000000a0000000, 0x00000000a4a00000, 0x00000000e0000000)
  object space 75776K, 24% used [0x00000000a0000000,0x00000000a1228158,0x00000000a4a00000)
 Metaspace       used 43284K, capacity 44190K, committed 44416K, reserved 1095680K
  class space    used 5735K, capacity 5989K, committed 6016K, reserved 1048576K
Event: 11.460 GC heap after
Heap after GC invocations=18 (full 5):
 PSYoungGen      total 167936K, used 0K [0x00000000e0000000, 0x00000000ec200000, 0x0000000100000000)
  eden space 155648K, 0% used [0x00000000e0000000,0x00000000e0000000,0x00000000e9800000)
  from space 12288K, 0% used [0x00000000e9800000,0x00000000e9800000,0x00000000ea400000)
  to   space 13312K, 0% used [0x00000000eb500000,0x00000000eb500000,0x00000000ec200000)
 ParOldGen       total 75776K, used 17832K [0x00000000a0000000, 0x00000000a4a00000, 0x00000000e0000000)
  object space 75776K, 23% used [0x00000000a0000000,0x00000000a116a070,0x00000000a4a00000)
 Metaspace       used 43284K, capacity 44190K, committed 44416K, reserved 1093632K
  class space    used 5735K, capacity 5989K, committed 6016K, reserved 1048576K
}
Event: 11.460 GC heap before
{Heap before GC invocations=19 (full 5):
 PSYoungGen      total 167936K, used 0K [0x00000000e0000000, 0x00000000ec200000, 0x0000000100000000)
  eden space 155648K, 0% used [0x00000000e0000000,0x00000000e0000000,0x00000000e9800000)
  from space 12288K, 0% used [0x00000000e9800000,0x00000000e9800000,0x00000000ea400000)
  to   space 13312K, 0% used [0x00000000eb500000,0x00000000eb500000,0x00000000ec200000)
 ParOldGen       total 75776K, used 17832K [0x00000000a0000000, 0x00000000a4a00000, 0x00000000e0000000)
  object space 75776K, 23% used [0x00000000a0000000,0x00000000a116a070,0x00000000a4a00000)
 Metaspace       used 43284K, capacity 44190K, committed 44416K, reserved 1097728K
  class space    used 5735K, capacity 5989K, committed 6016K, reserved 1048576K
Event: 11.461 GC heap after
Heap after GC invocations=19 (full 5):
 PSYoungGen      total 168960K, used 0K [0x00000000e0000000, 0x00000000eba00000, 0x0000000100000000)
  eden space 163840K, 0% used [0x00000000e0000000,0x00000000e0000000,0x00000000ea000000)
  from space 5120K, 0% used [0x00000000eb500000,0x00000000eb500000,0x00000000eba00000)
  to   space 13312K, 0% used [0x00000000ea000000,0x00000000ea000000,0x00000000ead00000)
 ParOldGen       total 75776K, used 17832K [0x00000000a0000000, 0x00000000a4a00000, 0x00000000e0000000)
  object space 75776K, 23% used [0x00000000a0000000,0x00000000a116a070,0x00000000a4a00000)
 Metaspace       used 43284K, capacity 44190K, committed 44416K, reserved 1097728K
  class space    used 5735K, capacity 5989K, committed 6016K, reserved 1048576K
}
Event: 11.461 GC heap before
{Heap before GC invocations=20 (full 6):
 PSYoungGen      total 168960K, used 0K [0x00000000e0000000, 0x00000000eba00000, 0x0000000100000000)
  eden space 163840K, 0% used [0x00000000e0000000,0x00000000e0000000,0x00000000ea000000)
  from space 5120K, 0% used [0x00000000eb500000,0x00000000eb500000,0x00000000eba00000)
  to   space 13312K, 0% used [0x00000000ea000000,0x00000000ea000000,0x00000000ead00000)
 ParOldGen       total 75776K, used 17832K [0x00000000a0000000, 0x00000000a4a00000, 0x00000000e0000000)
  object space 75776K, 23% used [0x00000000a0000000,0x00000000a116a070,0x00000000a4a00000)
 Metaspace       used 43284K, capacity 44190K, committed 44416K, reserved 1097728K
  class space    used 5735K, capacity 5989K, committed 6016K, reserved 1048576K
Event: 11.602 GC heap after
Heap after GC invocations=20 (full 6):
 PSYoungGen      total 168960K, used 0K [0x00000000e0000000, 0x00000000eba00000, 0x0000000100000000)
  eden space 163840K, 0% used [0x00000000e0000000,0x00000000e0000000,0x00000000ea000000)
  from space 5120K, 0% used [0x00000000eb500000,0x00000000eb500000,0x00000000eba00000)
  to   space 13312K, 0% used [0x00000000ea000000,0x00000000ea000000,0x00000000ead00000)
 ParOldGen       total 75776K, used 14917K [0x00000000a0000000, 0x00000000a4a00000, 0x00000000e0000000)
  object space 75776K, 19% used [0x00000000a0000000,0x00000000a0e91648,0x00000000a4a00000)
 Metaspace       used 43080K, capacity 43850K, committed 44416K, reserved 1093632K
  class space    used 5697K, capacity 5917K, committed 6016K, reserved 1048576K
}
Event: 11.648 GC heap before
{Heap before GC invocations=21 (full 6):
 PSYoungGen      total 168960K, used 3348K [0x00000000e0000000, 0x00000000eba00000, 0x0000000100000000)
  eden space 163840K, 2% used [0x00000000e0000000,0x00000000e03450c8,0x00000000ea000000)
  from space 5120K, 0% used [0x00000000eb500000,0x00000000eb500000,0x00000000eba00000)
  to   space 13312K, 0% used [0x00000000ea000000,0x00000000ea000000,0x00000000ead00000)
 ParOldGen       total 75776K, used 14917K [0x00000000a0000000, 0x00000000a4a00000, 0x00000000e0000000)
  object space 75776K, 19% used [0x00000000a0000000,0x00000000a0e91648,0x00000000a4a00000)
 Metaspace       used 43400K, capacity 44198K, committed 44928K, reserved 1095680K
  class space    used 5727K, capacity 5923K, committed 6016K, reserved 1048576K
Event: 11.651 GC heap after
Heap after GC invocations=21 (full 6):
 PSYoungGen      total 177152K, used 442K [0x00000000e0000000, 0x00000000eba00000, 0x0000000100000000)
  eden space 163840K, 0% used [0x00000000e0000000,0x00000000e0000000,0x00000000ea000000)
  from space 13312K, 3% used [0x00000000ea000000,0x00000000ea06e828,0x00000000ead00000)
  to   space 5120K, 0% used [0x00000000eb500000,0x00000000eb500000,0x00000000eba00000)
 ParOldGen       total 75776K, used 14917K [0x00000000a0000000, 0x00000000a4a00000, 0x00000000e0000000)
  object space 75776K, 19% used [0x00000000a0000000,0x00000000a0e91648,0x00000000a4a00000)
 Metaspace       used 43400K, capacity 44198K, committed 44928K, reserved 1095680K
  class space    used 5727K, capacity 5923K, committed 6016K, reserved 1048576K
}
Event: 11.651 GC heap before
{Heap before GC invocations=22 (full 7):
 PSYoungGen      total 177152K, used 442K [0x00000000e0000000, 0x00000000eba00000, 0x0000000100000000)
  eden space 163840K, 0% used [0x00000000e0000000,0x00000000e0000000,0x00000000ea000000)
  from space 13312K, 3% used [0x00000000ea000000,0x00000000ea06e828,0x00000000ead00000)
  to   space 5120K, 0% used [0x00000000eb500000,0x00000000eb500000,0x00000000eba00000)
 ParOldGen       total 75776K, used 14917K [0x00000000a0000000, 0x00000000a4a00000, 0x00000000e0000000)
  object space 75776K, 19% used [0x00000000a0000000,0x00000000a0e91648,0x00000000a4a00000)
 Metaspace       used 43400K, capacity 44198K, committed 44928K, reserved 1095680K
  class space    used 5727K, capacity 5923K, committed 6016K, reserved 1048576K
Event: 11.707 GC heap after
Heap after GC invocations=22 (full 7):
 PSYoungGen      total 177152K, used 0K [0x00000000e0000000, 0x00000000eba00000, 0x0000000100000000)
  eden space 163840K, 0% used [0x00000000e0000000,0x00000000e0000000,0x00000000ea000000)
  from space 13312K, 0% used [0x00000000ea000000,0x00000000ea000000,0x00000000ead00000)
  to   space 5120K, 0% used [0x00000000eb500000,0x00000000eb500000,0x00000000eba00000)
 ParOldGen       total 75776K, used 14958K [0x00000000a0000000, 0x00000000a4a00000, 0x00000000e0000000)
  object space 75776K, 19% used [0x00000000a0000000,0x00000000a0e9bb18,0x00000000a4a00000)
 Metaspace       used 43400K, capacity 44198K, committed 44928K, reserved 1095680K
  class space    used 5727K, capacity 5923K, committed 6016K, reserved 1048576K
}

