# JRE version: OpenJDK Runtime Environment (8.0_242-b01) (build 1.8.0_242-release-1644-b01)
# Java VM: OpenJDK 64-Bit Server VM (25.242-b01 mixed mode windows-amd64 compressed oops)
Heap:
 PSYoungGen      total 311296K, used 104481K [0x00000000e0000000, 0x00000000f5200000, 0x0000000100000000)
  eden space 275456K, 33% used [0x00000000e0000000,0x00000000e598d1b8,0x00000000f0d00000)
  from space 35840K, 35% used [0x00000000f2f00000,0x00000000f3b7b500,0x00000000f5200000)
  to   space 34816K, 0% used [0x00000000f0d00000,0x00000000f0d00000,0x00000000f2f00000)
 ParOldGen       total 207360K, used 68632K [0x00000000a0000000, 0x00000000aca80000, 0x00000000e0000000)
  object space 207360K, 33% used [0x00000000a0000000,0x00000000a4306280,0x00000000aca80000)
 Metaspace       used 107777K, capacity 112348K, committed 112512K, reserved 1146880K
  class space    used 13884K, capacity 14870K, committed 14976K, reserved 1048576K
GC Heap History (10 events):
Event: 485.484 GC heap before
{Heap before GC invocations=20 (full 3):
 PSYoungGen      total 278528K, used 55844K [0x00000000e0000000, 0x00000000f3280000, 0x0000000100000000)
  eden space 246272K, 13% used [0x00000000e0000000,0x00000000e1f66258,0x00000000ef080000)
  from space 32256K, 73% used [0x00000000f1180000,0x00000000f28a3198,0x00000000f3100000)
  to   space 33792K, 0% used [0x00000000ef080000,0x00000000ef080000,0x00000000f1180000)
 ParOldGen       total 128000K, used 59873K [0x00000000a0000000, 0x00000000a7d00000, 0x00000000e0000000)
  object space 128000K, 46% used [0x00000000a0000000,0x00000000a3a78480,0x00000000a7d00000)
 Metaspace       used 95094K, capacity 98448K, committed 98560K, reserved 1134592K
  class space    used 12263K, capacity 13002K, committed 13056K, reserved 1048576K
Event: 485.518 GC heap after
Heap after GC invocations=20 (full 3):
 PSYoungGen      total 280064K, used 24744K [0x00000000e0000000, 0x00000000f5200000, 0x0000000100000000)
  eden space 246272K, 0% used [0x00000000e0000000,0x00000000e0000000,0x00000000ef080000)
  from space 33792K, 73% used [0x00000000ef080000,0x00000000f08aa138,0x00000000f1180000)
  to   space 35840K, 0% used [0x00000000f2f00000,0x00000000f2f00000,0x00000000f5200000)
 ParOldGen       total 128000K, used 59889K [0x00000000a0000000, 0x00000000a7d00000, 0x00000000e0000000)
  object space 128000K, 46% used [0x00000000a0000000,0x00000000a3a7c480,0x00000000a7d00000)
 Metaspace       used 95094K, capacity 98448K, committed 98560K, reserved 1134592K
  class space    used 12263K, capacity 13002K, committed 13056K, reserved 1048576K
}
Event: 485.518 GC heap before
{Heap before GC invocations=21 (full 4):
 PSYoungGen      total 280064K, used 24744K [0x00000000e0000000, 0x00000000f5200000, 0x0000000100000000)
  eden space 246272K, 0% used [0x00000000e0000000,0x00000000e0000000,0x00000000ef080000)
  from space 33792K, 73% used [0x00000000ef080000,0x00000000f08aa138,0x00000000f1180000)
  to   space 35840K, 0% used [0x00000000f2f00000,0x00000000f2f00000,0x00000000f5200000)
 ParOldGen       total 128000K, used 59889K [0x00000000a0000000, 0x00000000a7d00000, 0x00000000e0000000)
  object space 128000K, 46% used [0x00000000a0000000,0x00000000a3a7c480,0x00000000a7d00000)
 Metaspace       used 95094K, capacity 98448K, committed 98560K, reserved 1134592K
  class space    used 12263K, capacity 13002K, committed 13056K, reserved 1048576K
Event: 486.015 GC heap after
Heap after GC invocations=21 (full 4):
 PSYoungGen      total 280064K, used 0K [0x00000000e0000000, 0x00000000f5200000, 0x0000000100000000)
  eden space 246272K, 0% used [0x00000000e0000000,0x00000000e0000000,0x00000000ef080000)
  from space 33792K, 0% used [0x00000000ef080000,0x00000000ef080000,0x00000000f1180000)
  to   space 35840K, 0% used [0x00000000f2f00000,0x00000000f2f00000,0x00000000f5200000)
 ParOldGen       total 207360K, used 68608K [0x00000000a0000000, 0x00000000aca80000, 0x00000000e0000000)
  object space 207360K, 33% used [0x00000000a0000000,0x00000000a4300280,0x00000000aca80000)
 Metaspace       used 94992K, capacity 98158K, committed 98560K, reserved 1134592K
  class space    used 12229K, capacity 12943K, committed 13056K, reserved 1048576K
}
Event: 493.847 GC heap before
{Heap before GC invocations=22 (full 4):
 PSYoungGen      total 280064K, used 246272K [0x00000000e0000000, 0x00000000f5200000, 0x0000000100000000)
  eden space 246272K, 100% used [0x00000000e0000000,0x00000000ef080000,0x00000000ef080000)
  from space 33792K, 0% used [0x00000000ef080000,0x00000000ef080000,0x00000000f1180000)
  to   space 35840K, 0% used [0x00000000f2f00000,0x00000000f2f00000,0x00000000f5200000)
 ParOldGen       total 207360K, used 68608K [0x00000000a0000000, 0x00000000aca80000, 0x00000000e0000000)
  object space 207360K, 33% used [0x00000000a0000000,0x00000000a4300280,0x00000000aca80000)
 Metaspace       used 97099K, capacity 100552K, committed 100864K, reserved 1136640K
  class space    used 12443K, capacity 13174K, committed 13312K, reserved 1048576K
Event: 493.879 GC heap after
Heap after GC invocations=22 (full 4):
 PSYoungGen      total 311296K, used 11173K [0x00000000e0000000, 0x00000000f5200000, 0x0000000100000000)
  eden space 275456K, 0% used [0x00000000e0000000,0x00000000e0000000,0x00000000f0d00000)
  from space 35840K, 31% used [0x00000000f2f00000,0x00000000f39e9688,0x00000000f5200000)
  to   space 34816K, 0% used [0x00000000f0d00000,0x00000000f0d00000,0x00000000f2f00000)
 ParOldGen       total 207360K, used 68616K [0x00000000a0000000, 0x00000000aca80000, 0x00000000e0000000)
  object space 207360K, 33% used [0x00000000a0000000,0x00000000a4302280,0x00000000aca80000)
 Metaspace       used 97099K, capacity 100552K, committed 100864K, reserved 1136640K
  class space    used 12443K, capacity 13174K, committed 13312K, reserved 1048576K
}
Event: 499.613 GC heap before
{Heap before GC invocations=23 (full 4):
 PSYoungGen      total 311296K, used 286629K [0x00000000e0000000, 0x00000000f5200000, 0x0000000100000000)
  eden space 275456K, 100% used [0x00000000e0000000,0x00000000f0d00000,0x00000000f0d00000)
  from space 35840K, 31% used [0x00000000f2f00000,0x00000000f39e9688,0x00000000f5200000)
  to   space 34816K, 0% used [0x00000000f0d00000,0x00000000f0d00000,0x00000000f2f00000)
 ParOldGen       total 207360K, used 68616K [0x00000000a0000000, 0x00000000aca80000, 0x00000000e0000000)
  object space 207360K, 33% used [0x00000000a0000000,0x00000000a4302280,0x00000000aca80000)
 Metaspace       used 106741K, capacity 111094K, committed 111360K, reserved 1146880K
  class space    used 13791K, capacity 14727K, committed 14848K, reserved 1048576K
Event: 499.701 GC heap after
Heap after GC invocations=23 (full 4):
 PSYoungGen      total 310272K, used 24655K [0x00000000e0000000, 0x00000000f5200000, 0x0000000100000000)
  eden space 275456K, 0% used [0x00000000e0000000,0x00000000e0000000,0x00000000f0d00000)
  from space 34816K, 70% used [0x00000000f0d00000,0x00000000f2513d10,0x00000000f2f00000)
  to   space 35840K, 0% used [0x00000000f2f00000,0x00000000f2f00000,0x00000000f5200000)
 ParOldGen       total 207360K, used 68624K [0x00000000a0000000, 0x00000000aca80000, 0x00000000e0000000)
  object space 207360K, 33% used [0x00000000a0000000,0x00000000a4304280,0x00000000aca80000)
 Metaspace       used 106741K, capacity 111094K, committed 111360K, reserved 1146880K
  class space    used 13791K, capacity 14727K, committed 14848K, reserved 1048576K
}
Event: 504.595 GC heap before
{Heap before GC invocations=24 (full 4):
 PSYoungGen      total 310272K, used 300111K [0x00000000e0000000, 0x00000000f5200000, 0x0000000100000000)
  eden space 275456K, 100% used [0x00000000e0000000,0x00000000f0d00000,0x00000000f0d00000)
  from space 34816K, 70% used [0x00000000f0d00000,0x00000000f2513d10,0x00000000f2f00000)
  to   space 35840K, 0% used [0x00000000f2f00000,0x00000000f2f00000,0x00000000f5200000)
 ParOldGen       total 207360K, used 68624K [0x00000000a0000000, 0x00000000aca80000, 0x00000000e0000000)
  object space 207360K, 33% used [0x00000000a0000000,0x00000000a4304280,0x00000000aca80000)
 Metaspace       used 107738K, capacity 112266K, committed 112512K, reserved 1146880K
  class space    used 13884K, capacity 14869K, committed 14976K, reserved 1048576K
Event: 504.629 GC heap after
Heap after GC invocations=24 (full 4):
 PSYoungGen      total 311296K, used 12781K [0x00000000e0000000, 0x00000000f5200000, 0x0000000100000000)
  eden space 275456K, 0% used [0x00000000e0000000,0x00000000e0000000,0x00000000f0d00000)
  from space 35840K, 35% used [0x00000000f2f00000,0x00000000f3b7b500,0x00000000f5200000)
  to   space 34816K, 0% used [0x00000000f0d00000,0x00000000f0d00000,0x00000000f2f00000)
 ParOldGen       total 207360K, used 68632K [0x00000000a0000000, 0x00000000aca80000, 0x00000000e0000000)
  object space 207360K, 33% used [0x00000000a0000000,0x00000000a4306280,0x00000000aca80000)
 Metaspace       used 107738K, capacity 112266K, committed 112512K, reserved 1146880K
  class space    used 13884K, capacity 14869K, committed 14976K, reserved 1048576K
}

