# JRE version: OpenJDK Runtime Environment (8.0_242-b01) (build 1.8.0_242-release-1644-b01)
# Java VM: OpenJDK 64-Bit Server VM (25.242-b01 mixed mode windows-amd64 compressed oops)
Heap:
 PSYoungGen      total 137216K, used 12708K [0x00000000e0000000, 0x00000000e9200000, 0x0000000100000000)
  eden space 126976K, 10% used [0x00000000e0000000,0x00000000e0c693a8,0x00000000e7c00000)
  from space 10240K, 0% used [0x00000000e8800000,0x00000000e8800000,0x00000000e9200000)
  to   space 11264K, 0% used [0x00000000e7c00000,0x00000000e7c00000,0x00000000e8700000)
 ParOldGen       total 80896K, used 17068K [0x00000000a0000000, 0x00000000a4f00000, 0x00000000e0000000)
  object space 80896K, 21% used [0x00000000a0000000,0x00000000a10ab2d8,0x00000000a4f00000)
 Metaspace       used 35399K, capacity 36310K, committed 36352K, reserved 1081344K
  class space    used 4872K, capacity 5116K, committed 5120K, reserved 1048576K
GC Heap History (10 events):
Event: 8.570 GC heap before
{Heap before GC invocations=6 (full 0):
 PSYoungGen      total 68608K, used 13583K [0x00000000e0000000, 0x00000000e9400000, 0x0000000100000000)
  eden space 63488K, 13% used [0x00000000e0000000,0x00000000e0846e48,0x00000000e3e00000)
  from space 5120K, 99% used [0x00000000e3e00000,0x00000000e42fd060,0x00000000e4300000)
  to   space 12288K, 0% used [0x00000000e8800000,0x00000000e8800000,0x00000000e9400000)
 ParOldGen       total 84992K, used 9441K [0x00000000a0000000, 0x00000000a5300000, 0x00000000e0000000)
  object space 84992K, 11% used [0x00000000a0000000,0x00000000a09387e0,0x00000000a5300000)
 Metaspace       used 20626K, capacity 21108K, committed 21296K, reserved 1067008K
  class space    used 2965K, capacity 3130K, committed 3200K, reserved 1048576K
Event: 8.580 GC heap after
Heap after GC invocations=6 (full 0):
 PSYoungGen      total 137216K, used 6133K [0x00000000e0000000, 0x00000000e9200000, 0x0000000100000000)
  eden space 126976K, 0% used [0x00000000e0000000,0x00000000e0000000,0x00000000e7c00000)
  from space 10240K, 59% used [0x00000000e8800000,0x00000000e8dfd6b0,0x00000000e9200000)
  to   space 11264K, 0% used [0x00000000e7c00000,0x00000000e7c00000,0x00000000e8700000)
 ParOldGen       total 84992K, used 9449K [0x00000000a0000000, 0x00000000a5300000, 0x00000000e0000000)
  object space 84992K, 11% used [0x00000000a0000000,0x00000000a093a7e0,0x00000000a5300000)
 Metaspace       used 20626K, capacity 21108K, committed 21296K, reserved 1067008K
  class space    used 2965K, capacity 3130K, committed 3200K, reserved 1048576K
}
Event: 8.580 GC heap before
{Heap before GC invocations=7 (full 1):
 PSYoungGen      total 137216K, used 6133K [0x00000000e0000000, 0x00000000e9200000, 0x0000000100000000)
  eden space 126976K, 0% used [0x00000000e0000000,0x00000000e0000000,0x00000000e7c00000)
  from space 10240K, 59% used [0x00000000e8800000,0x00000000e8dfd6b0,0x00000000e9200000)
  to   space 11264K, 0% used [0x00000000e7c00000,0x00000000e7c00000,0x00000000e8700000)
 ParOldGen       total 84992K, used 9449K [0x00000000a0000000, 0x00000000a5300000, 0x00000000e0000000)
  object space 84992K, 11% used [0x00000000a0000000,0x00000000a093a7e0,0x00000000a5300000)
 Metaspace       used 20626K, capacity 21108K, committed 21296K, reserved 1067008K
  class space    used 2965K, capacity 3130K, committed 3200K, reserved 1048576K
Event: 8.627 GC heap after
Heap after GC invocations=7 (full 1):
 PSYoungGen      total 137216K, used 0K [0x00000000e0000000, 0x00000000e9200000, 0x0000000100000000)
  eden space 126976K, 0% used [0x00000000e0000000,0x00000000e0000000,0x00000000e7c00000)
  from space 10240K, 0% used [0x00000000e8800000,0x00000000e8800000,0x00000000e9200000)
  to   space 11264K, 0% used [0x00000000e7c00000,0x00000000e7c00000,0x00000000e8700000)
 ParOldGen       total 51200K, used 7655K [0x00000000a0000000, 0x00000000a3200000, 0x00000000e0000000)
  object space 51200K, 14% used [0x00000000a0000000,0x00000000a0779fd8,0x00000000a3200000)
 Metaspace       used 20626K, capacity 21108K, committed 21296K, reserved 1067008K
  class space    used 2965K, capacity 3130K, committed 3200K, reserved 1048576K
}
Event: 10.964 GC heap before
{Heap before GC invocations=8 (full 1):
 PSYoungGen      total 137216K, used 126976K [0x00000000e0000000, 0x00000000e9200000, 0x0000000100000000)
  eden space 126976K, 100% used [0x00000000e0000000,0x00000000e7c00000,0x00000000e7c00000)
  from space 10240K, 0% used [0x00000000e8800000,0x00000000e8800000,0x00000000e9200000)
  to   space 11264K, 0% used [0x00000000e7c00000,0x00000000e7c00000,0x00000000e8700000)
 ParOldGen       total 51200K, used 7655K [0x00000000a0000000, 0x00000000a3200000, 0x00000000e0000000)
  object space 51200K, 14% used [0x00000000a0000000,0x00000000a0779fd8,0x00000000a3200000)
 Metaspace       used 31861K, capacity 32462K, committed 32768K, reserved 1077248K
  class space    used 4358K, capacity 4560K, committed 4608K, reserved 1048576K
Event: 10.980 GC heap after
Heap after GC invocations=8 (full 1):
 PSYoungGen      total 138240K, used 11236K [0x00000000e0000000, 0x00000000e9200000, 0x0000000100000000)
  eden space 126976K, 0% used [0x00000000e0000000,0x00000000e0000000,0x00000000e7c00000)
  from space 11264K, 99% used [0x00000000e7c00000,0x00000000e86f9280,0x00000000e8700000)
  to   space 10240K, 0% used [0x00000000e8800000,0x00000000e8800000,0x00000000e9200000)
 ParOldGen       total 51200K, used 9141K [0x00000000a0000000, 0x00000000a3200000, 0x00000000e0000000)
  object space 51200K, 17% used [0x00000000a0000000,0x00000000a08ed4f0,0x00000000a3200000)
 Metaspace       used 31861K, capacity 32462K, committed 32768K, reserved 1077248K
  class space    used 4358K, capacity 4560K, committed 4608K, reserved 1048576K
}
Event: 12.258 GC heap before
{Heap before GC invocations=9 (full 1):
 PSYoungGen      total 138240K, used 77295K [0x00000000e0000000, 0x00000000e9200000, 0x0000000100000000)
  eden space 126976K, 52% used [0x00000000e0000000,0x00000000e4082a58,0x00000000e7c00000)
  from space 11264K, 99% used [0x00000000e7c00000,0x00000000e86f9280,0x00000000e8700000)
  to   space 10240K, 0% used [0x00000000e8800000,0x00000000e8800000,0x00000000e9200000)
 ParOldGen       total 51200K, used 9141K [0x00000000a0000000, 0x00000000a3200000, 0x00000000e0000000)
  object space 51200K, 17% used [0x00000000a0000000,0x00000000a08ed4f0,0x00000000a3200000)
 Metaspace       used 34616K, capacity 35388K, committed 35456K, reserved 1079296K
  class space    used 4741K, capacity 4963K, committed 4992K, reserved 1048576K
Event: 12.277 GC heap after
Heap after GC invocations=9 (full 1):
 PSYoungGen      total 137216K, used 10208K [0x00000000e0000000, 0x00000000e9200000, 0x0000000100000000)
  eden space 126976K, 0% used [0x00000000e0000000,0x00000000e0000000,0x00000000e7c00000)
  from space 10240K, 99% used [0x00000000e8800000,0x00000000e91f8040,0x00000000e9200000)
  to   space 11264K, 0% used [0x00000000e7c00000,0x00000000e7c00000,0x00000000e8700000)
 ParOldGen       total 51200K, used 9324K [0x00000000a0000000, 0x00000000a3200000, 0x00000000e0000000)
  object space 51200K, 18% used [0x00000000a0000000,0x00000000a091b0f0,0x00000000a3200000)
 Metaspace       used 34616K, capacity 35388K, committed 35456K, reserved 1079296K
  class space    used 4741K, capacity 4963K, committed 4992K, reserved 1048576K
}
Event: 12.277 GC heap before
{Heap before GC invocations=10 (full 2):
 PSYoungGen      total 137216K, used 10208K [0x00000000e0000000, 0x00000000e9200000, 0x0000000100000000)
  eden space 126976K, 0% used [0x00000000e0000000,0x00000000e0000000,0x00000000e7c00000)
  from space 10240K, 99% used [0x00000000e8800000,0x00000000e91f8040,0x00000000e9200000)
  to   space 11264K, 0% used [0x00000000e7c00000,0x00000000e7c00000,0x00000000e8700000)
 ParOldGen       total 51200K, used 9324K [0x00000000a0000000, 0x00000000a3200000, 0x00000000e0000000)
  object space 51200K, 18% used [0x00000000a0000000,0x00000000a091b0f0,0x00000000a3200000)
 Metaspace       used 34616K, capacity 35388K, committed 35456K, reserved 1079296K
  class space    used 4741K, capacity 4963K, committed 4992K, reserved 1048576K
Event: 12.420 GC heap after
Heap after GC invocations=10 (full 2):
 PSYoungGen      total 137216K, used 0K [0x00000000e0000000, 0x00000000e9200000, 0x0000000100000000)
  eden space 126976K, 0% used [0x00000000e0000000,0x00000000e0000000,0x00000000e7c00000)
  from space 10240K, 0% used [0x00000000e8800000,0x00000000e8800000,0x00000000e9200000)
  to   space 11264K, 0% used [0x00000000e7c00000,0x00000000e7c00000,0x00000000e8700000)
 ParOldGen       total 80896K, used 17068K [0x00000000a0000000, 0x00000000a4f00000, 0x00000000e0000000)
  object space 80896K, 21% used [0x00000000a0000000,0x00000000a10ab2d8,0x00000000a4f00000)
 Metaspace       used 34607K, capacity 35358K, committed 35456K, reserved 1079296K
  class space    used 4739K, capacity 4958K, committed 4992K, reserved 1048576K
}

